app/build/intermediates/manifest_merge_blame_file/debug/manifest-merger-blame-debug-report.txt
1<?xml version="1.0" encoding="utf-8"?>
2<manifest xmlns:android="http://schemas.android.com/apk/res/android"
3    package="com.google.mlkit.md"
4    android:installLocation="auto"
5    android:versionCode="1"
6    android:versionName="1.0" >
7
8    <uses-sdk
9        android:minSdkVersion="21"
9-->src\main\AndroidManifest.xml
10        android:targetSdkVersion="30" />
10-->src\main\AndroidManifest.xml
11
12    <uses-feature android:name="android.hardware.camera" />
12-->src\main\AndroidManifest.xml:7:3-57
12-->src\main\AndroidManifest.xml:7:17-55
13
14    <uses-permission android:name="android.permission.INTERNET" />
14-->src\main\AndroidManifest.xml:9:3-64
14-->src\main\AndroidManifest.xml:9:20-62
15    <uses-permission android:name="android.permission.CAMERA" />
15-->src\main\AndroidManifest.xml:10:3-62
15-->src\main\AndroidManifest.xml:10:20-60
16    <uses-permission android:name="android.permission.ACCESS_COARSE_LOCATION" />
16-->src\main\AndroidManifest.xml:11:3-79
16-->src\main\AndroidManifest.xml:11:20-76
17    <uses-permission android:name="android.permission.ACCESS_FINE_LOCATION" />
17-->src\main\AndroidManifest.xml:12:3-77
17-->src\main\AndroidManifest.xml:12:20-74
18    <uses-permission android:name="android.permission.ACCESS_WIFI_STATE" /> <!-- Although the *SdkVersion is captured in gradle build files, this is required for non gradle builds -->
18-->[com.google.android.libraries.places:places:2.4.0] AndroidManifest.xml:10:5-76
18-->[com.google.android.libraries.places:places:2.4.0] AndroidManifest.xml:10:22-73
19    <!-- <uses-sdk android:minSdkVersion="14"/> -->
20    <uses-permission android:name="android.permission.ACCESS_NETWORK_STATE" />
20-->[com.google.firebase:firebase-database:19.7.0] AndroidManifest.xml:25:5-79
20-->[com.google.firebase:firebase-database:19.7.0] AndroidManifest.xml:25:22-76
21
22    <uses-feature
22-->[com.google.android.gms:play-services-maps:17.0.0] AndroidManifest.xml:26:5-28:35
23        android:glEsVersion="0x00020000"
23-->[com.google.android.gms:play-services-maps:17.0.0] AndroidManifest.xml:27:9-41
24        android:required="true" />
24-->[com.google.android.gms:play-services-maps:17.0.0] AndroidManifest.xml:28:9-32
25
26    <uses-permission android:name="android.permission.WAKE_LOCK" /> <!-- Required by older versions of Google Play services to create IID tokens -->
26-->[com.google.firebase:firebase-iid:20.1.5] AndroidManifest.xml:24:5-68
26-->[com.google.firebase:firebase-iid:20.1.5] AndroidManifest.xml:24:22-65
27    <uses-permission android:name="com.google.android.c2dm.permission.RECEIVE" />
27-->[com.google.firebase:firebase-iid:20.1.5] AndroidManifest.xml:26:5-82
27-->[com.google.firebase:firebase-iid:20.1.5] AndroidManifest.xml:26:22-79
28
29    <application
29-->src\main\AndroidManifest.xml:14:3-77:17
30        android:allowBackup="false"
30-->src\main\AndroidManifest.xml:15:7-34
31        android:appComponentFactory="androidx.core.app.CoreComponentFactory"
31-->[androidx.core:core:1.3.2] AndroidManifest.xml:24:18-86
32        android:debuggable="true"
33        android:icon="@drawable/logo_mlkit"
33-->src\main\AndroidManifest.xml:16:7-42
34        android:label="@string/app_name"
34-->src\main\AndroidManifest.xml:17:7-39
35        android:supportsRtl="true"
35-->src\main\AndroidManifest.xml:18:7-33
36        android:testOnly="true"
37        android:theme="@style/AppTheme" >
37-->src\main\AndroidManifest.xml:19:7-38
38        <meta-data
38-->src\main\AndroidManifest.xml:22:5-24:64
39            android:name="com.google.android.gms.version"
39-->src\main\AndroidManifest.xml:23:9-54
40            android:value="@integer/google_play_services_version" />
40-->src\main\AndroidManifest.xml:24:9-62
41        <meta-data
42            android:name="com.google.android.geo.API_KEY"
42-->src\main\AndroidManifest.xml:27:9-54
43            android:value="AIzaSyB7y93o70C45PtlrxLNcqfCOnI8-TZmWfo" />
43-->src\main\AndroidManifest.xml:28:9-38
44
45        <activity
45-->src\main\AndroidManifest.xml:30:5-38:16
46            android:name="com.google.mlkit.md.MainActivity"
46-->src\main\AndroidManifest.xml:31:9-56
47            android:exported="true"
47-->src\main\AndroidManifest.xml:32:9-32
48            android:screenOrientation="portrait" >
48-->src\main\AndroidManifest.xml:33:9-45
49            <intent-filter>
49-->src\main\AndroidManifest.xml:34:7-37:23
50                <action android:name="android.intent.action.MAIN" />
50-->src\main\AndroidManifest.xml:35:9-60
50-->src\main\AndroidManifest.xml:35:17-58
51
52                <category android:name="android.intent.category.LAUNCHER" />
52-->src\main\AndroidManifest.xml:36:9-68
52-->src\main\AndroidManifest.xml:36:19-66
53            </intent-filter>
54        </activity>
55        <activity
55-->src\main\AndroidManifest.xml:40:5-44:16
56            android:name="com.google.mlkit.md.FoodClassifier"
56-->src\main\AndroidManifest.xml:41:9-58
57            android:exported="false"
57-->src\main\AndroidManifest.xml:42:9-33
58            android:screenOrientation="portrait" >
58-->src\main\AndroidManifest.xml:43:9-45
59        </activity>
60        <activity
60-->src\main\AndroidManifest.xml:46:5-50:16
61            android:name="com.google.mlkit.md.LiveBarcodeScanningActivity"
61-->src\main\AndroidManifest.xml:47:9-71
62            android:exported="false"
62-->src\main\AndroidManifest.xml:48:9-33
63            android:screenOrientation="portrait" >
63-->src\main\AndroidManifest.xml:49:9-45
64        </activity>
65        <activity
65-->src\main\AndroidManifest.xml:52:5-56:16
66            android:name="com.google.mlkit.md.StaticObjectDetectionActivity"
66-->src\main\AndroidManifest.xml:53:9-73
67            android:exported="false"
67-->src\main\AndroidManifest.xml:54:9-33
68            android:screenOrientation="portrait" >
68-->src\main\AndroidManifest.xml:55:9-45
69        </activity>
70        <activity
70-->src\main\AndroidManifest.xml:58:5-62:16
71            android:name="com.google.mlkit.md.CustomModelObjectDetectionActivity"
71-->src\main\AndroidManifest.xml:59:9-78
72            android:exported="false"
72-->src\main\AndroidManifest.xml:60:9-33
73            android:screenOrientation="portrait" >
73-->src\main\AndroidManifest.xml:61:9-45
74        </activity>
75        <activity
75-->src\main\AndroidManifest.xml:64:5-69:16
76            android:name="com.google.mlkit.md.settings.SettingsActivity"
76-->src\main\AndroidManifest.xml:65:9-69
77            android:exported="false"
77-->src\main\AndroidManifest.xml:66:9-33
78            android:label="@string/settings_title"
78-->src\main\AndroidManifest.xml:67:9-47
79            android:screenOrientation="portrait" >
79-->src\main\AndroidManifest.xml:68:9-45
80        </activity>
81        <activity
81-->src\main\AndroidManifest.xml:71:5-75:16
82            android:name="com.google.mlkit.md.map.MapsActivity"
82-->src\main\AndroidManifest.xml:72:9-60
83            android:exported="false"
83-->src\main\AndroidManifest.xml:73:9-33
84            android:screenOrientation="portrait" >
84-->src\main\AndroidManifest.xml:74:9-45
85        </activity>
86        <activity
86-->[com.google.android.libraries.places:places:2.4.0] AndroidManifest.xml:14:9-20:20
87            android:name="com.google.android.libraries.places.widget.AutocompleteActivity"
87-->[com.google.android.libraries.places:places:2.4.0] AndroidManifest.xml:15:13-91
88            android:exported="false"
88-->[com.google.android.libraries.places:places:2.4.0] AndroidManifest.xml:16:13-37
89            android:label="@string/places_autocomplete_label"
89-->[com.google.android.libraries.places:places:2.4.0] AndroidManifest.xml:17:13-62
90            android:theme="@style/PlacesAutocompleteOverlay"
90-->[com.google.android.libraries.places:places:2.4.0] AndroidManifest.xml:18:13-61
91            android:windowSoftInputMode="adjustResize" >
91-->[com.google.android.libraries.places:places:2.4.0] AndroidManifest.xml:19:13-55
92        </activity>
93
94        <service
94-->[com.google.mlkit:object-detection:16.2.3] AndroidManifest.xml:8:9-14:19
95            android:name="com.google.mlkit.common.internal.MlKitComponentDiscoveryService"
95-->[com.google.mlkit:object-detection:16.2.3] AndroidManifest.xml:9:13-91
96            android:directBootAware="true"
96-->[com.google.mlkit:common:17.1.1] AndroidManifest.xml:17:13-43
97            android:exported="false" >
97-->[com.google.mlkit:object-detection:16.2.3] AndroidManifest.xml:10:13-37
98            <meta-data
98-->[com.google.mlkit:object-detection:16.2.3] AndroidManifest.xml:11:13-13:85
99                android:name="com.google.firebase.components:com.google.mlkit.vision.objects.defaults.internal.DefaultObjectsRegistrar"
99-->[com.google.mlkit:object-detection:16.2.3] AndroidManifest.xml:12:17-136
100                android:value="com.google.firebase.components.ComponentRegistrar" />
100-->[com.google.mlkit:object-detection:16.2.3] AndroidManifest.xml:13:17-82
101            <meta-data
101-->[com.google.mlkit:object-detection-custom:16.3.1] AndroidManifest.xml:11:13-13:85
102                android:name="com.google.firebase.components:com.google.mlkit.vision.objects.custom.internal.CustomObjectsRegistrar"
102-->[com.google.mlkit:object-detection-custom:16.3.1] AndroidManifest.xml:12:17-133
103                android:value="com.google.firebase.components.ComponentRegistrar" />
103-->[com.google.mlkit:object-detection-custom:16.3.1] AndroidManifest.xml:13:17-82
104            <meta-data
104-->[com.google.mlkit:linkfirebase:16.1.0] AndroidManifest.xml:12:13-14:85
105                android:name="com.google.firebase.components:com.google.mlkit.linkfirebase.internal.LinkFirebaseComponentRegistrar"
105-->[com.google.mlkit:linkfirebase:16.1.0] AndroidManifest.xml:13:17-132
106                android:value="com.google.firebase.components.ComponentRegistrar" />
106-->[com.google.mlkit:linkfirebase:16.1.0] AndroidManifest.xml:14:17-82
107            <meta-data
107-->[com.google.android.gms:play-services-mlkit-barcode-scanning:16.1.4] AndroidManifest.xml:12:13-14:85
108                android:name="com.google.firebase.components:com.google.mlkit.vision.barcode.internal.BarcodeRegistrar"
108-->[com.google.android.gms:play-services-mlkit-barcode-scanning:16.1.4] AndroidManifest.xml:13:17-120
109                android:value="com.google.firebase.components.ComponentRegistrar" />
109-->[com.google.android.gms:play-services-mlkit-barcode-scanning:16.1.4] AndroidManifest.xml:14:17-82
110            <meta-data
110-->[com.google.mlkit:vision-internal-vkp:18.0.0] AndroidManifest.xml:11:13-13:85
111                android:name="com.google.firebase.components:com.google.mlkit.vision.vkp.VkpRegistrar"
111-->[com.google.mlkit:vision-internal-vkp:18.0.0] AndroidManifest.xml:12:17-103
112                android:value="com.google.firebase.components.ComponentRegistrar" />
112-->[com.google.mlkit:vision-internal-vkp:18.0.0] AndroidManifest.xml:13:17-82
113            <meta-data
113-->[com.google.mlkit:vision-common:16.3.0] AndroidManifest.xml:12:13-14:85
114                android:name="com.google.firebase.components:com.google.mlkit.vision.common.internal.VisionCommonRegistrar"
114-->[com.google.mlkit:vision-common:16.3.0] AndroidManifest.xml:13:17-124
115                android:value="com.google.firebase.components.ComponentRegistrar" />
115-->[com.google.mlkit:vision-common:16.3.0] AndroidManifest.xml:14:17-82
116            <meta-data
116-->[com.google.mlkit:common:17.1.1] AndroidManifest.xml:20:13-22:85
117                android:name="com.google.firebase.components:com.google.mlkit.common.internal.CommonComponentRegistrar"
117-->[com.google.mlkit:common:17.1.1] AndroidManifest.xml:21:17-120
118                android:value="com.google.firebase.components.ComponentRegistrar" />
118-->[com.google.mlkit:common:17.1.1] AndroidManifest.xml:22:17-82
119        </service>
120        <service
120-->[com.google.firebase:firebase-database:19.7.0] AndroidManifest.xml:29:9-35:19
121            android:name="com.google.firebase.components.ComponentDiscoveryService"
121-->[com.google.firebase:firebase-database:19.7.0] AndroidManifest.xml:30:13-84
122            android:directBootAware="true"
122-->[com.google.firebase:firebase-common:19.5.0] AndroidManifest.xml:35:13-43
123            android:exported="false" >
123-->[com.google.firebase:firebase-database:19.7.0] AndroidManifest.xml:31:13-37
124            <meta-data
124-->[com.google.firebase:firebase-database:19.7.0] AndroidManifest.xml:32:13-34:85
125                android:name="com.google.firebase.components:com.google.firebase.database.DatabaseRegistrar"
125-->[com.google.firebase:firebase-database:19.7.0] AndroidManifest.xml:33:17-109
126                android:value="com.google.firebase.components.ComponentRegistrar" />
126-->[com.google.firebase:firebase-database:19.7.0] AndroidManifest.xml:34:17-82
127            <meta-data
127-->[com.google.firebase:firebase-iid:20.1.5] AndroidManifest.xml:32:13-34:85
128                android:name="com.google.firebase.components:com.google.firebase.iid.Registrar"
128-->[com.google.firebase:firebase-iid:20.1.5] AndroidManifest.xml:33:17-96
129                android:value="com.google.firebase.components.ComponentRegistrar" />
129-->[com.google.firebase:firebase-iid:20.1.5] AndroidManifest.xml:34:17-82
130            <meta-data
130-->[com.google.firebase:firebase-installations:16.2.1] AndroidManifest.xml:17:13-19:85
131                android:name="com.google.firebase.components:com.google.firebase.installations.FirebaseInstallationsRegistrar"
131-->[com.google.firebase:firebase-installations:16.2.1] AndroidManifest.xml:18:17-127
132                android:value="com.google.firebase.components.ComponentRegistrar" />
132-->[com.google.firebase:firebase-installations:16.2.1] AndroidManifest.xml:19:17-82
133            <!--
134                This registrar is not defined in the dynamic-module-support sdk itself to allow non-firebase
135                clients to use it as well, by defining this registrar in their own core/common library.
136            -->
137            <meta-data
137-->[com.google.firebase:firebase-common:19.5.0] AndroidManifest.xml:43:13-45:85
138                android:name="com.google.firebase.components:com.google.firebase.dynamicloading.DynamicLoadingRegistrar"
138-->[com.google.firebase:firebase-common:19.5.0] AndroidManifest.xml:44:17-121
139                android:value="com.google.firebase.components.ComponentRegistrar" />
139-->[com.google.firebase:firebase-common:19.5.0] AndroidManifest.xml:45:17-82
140        </service> <!-- Needs to be explicitly declared on P+ -->
141        <uses-library
141-->[com.google.android.gms:play-services-maps:17.0.0] AndroidManifest.xml:33:9-35:40
142            android:name="org.apache.http.legacy"
142-->[com.google.android.gms:play-services-maps:17.0.0] AndroidManifest.xml:34:13-50
143            android:required="false" />
143-->[com.google.android.gms:play-services-maps:17.0.0] AndroidManifest.xml:35:13-37
144
145        <provider
145-->[com.google.mlkit:common:17.1.1] AndroidManifest.xml:9:9-13:38
146            android:name="com.google.mlkit.common.internal.MlKitInitProvider"
146-->[com.google.mlkit:common:17.1.1] AndroidManifest.xml:10:13-78
147            android:authorities="com.google.mlkit.md.mlkitinitprovider"
147-->[com.google.mlkit:common:17.1.1] AndroidManifest.xml:11:13-69
148            android:exported="false"
148-->[com.google.mlkit:common:17.1.1] AndroidManifest.xml:12:13-37
149            android:initOrder="99" />
149-->[com.google.mlkit:common:17.1.1] AndroidManifest.xml:13:13-35
150
151        <receiver
151-->[com.google.firebase:firebase-iid:20.1.5] AndroidManifest.xml:37:9-44:20
152            android:name="com.google.firebase.iid.FirebaseInstanceIdReceiver"
152-->[com.google.firebase:firebase-iid:20.1.5] AndroidManifest.xml:38:13-78
153            android:exported="true"
153-->[com.google.firebase:firebase-iid:20.1.5] AndroidManifest.xml:39:13-36
154            android:permission="com.google.android.c2dm.permission.SEND" >
154-->[com.google.firebase:firebase-iid:20.1.5] AndroidManifest.xml:40:13-73
155            <intent-filter>
155-->[com.google.firebase:firebase-iid:20.1.5] AndroidManifest.xml:41:13-43:29
156                <action android:name="com.google.android.c2dm.intent.RECEIVE" />
156-->[com.google.firebase:firebase-iid:20.1.5] AndroidManifest.xml:42:17-81
156-->[com.google.firebase:firebase-iid:20.1.5] AndroidManifest.xml:42:25-78
157            </intent-filter>
158        </receiver>
159
160        <activity
160-->[com.google.android.gms:play-services-base:17.4.0] AndroidManifest.xml:23:9-26:75
161            android:name="com.google.android.gms.common.api.GoogleApiActivity"
161-->[com.google.android.gms:play-services-base:17.4.0] AndroidManifest.xml:24:13-79
162            android:exported="false"
162-->[com.google.android.gms:play-services-base:17.4.0] AndroidManifest.xml:25:13-37
163            android:theme="@android:style/Theme.Translucent.NoTitleBar" />
163-->[com.google.android.gms:play-services-base:17.4.0] AndroidManifest.xml:26:13-72
164
165        <provider
165-->[com.google.firebase:firebase-common:19.5.0] AndroidManifest.xml:26:9-31:39
166            android:name="com.google.firebase.provider.FirebaseInitProvider"
166-->[com.google.firebase:firebase-common:19.5.0] AndroidManifest.xml:27:13-77
167            android:authorities="com.google.mlkit.md.firebaseinitprovider"
167-->[com.google.firebase:firebase-common:19.5.0] AndroidManifest.xml:28:13-72
168            android:directBootAware="true"
168-->[com.google.firebase:firebase-common:19.5.0] AndroidManifest.xml:29:13-43
169            android:exported="false"
169-->[com.google.firebase:firebase-common:19.5.0] AndroidManifest.xml:30:13-37
170            android:initOrder="100" />
170-->[com.google.firebase:firebase-common:19.5.0] AndroidManifest.xml:31:13-36
171
172        <service
172-->[com.google.android.datatransport:transport-backend-cct:2.3.2] AndroidManifest.xml:29:9-35:19
173            android:name="com.google.android.datatransport.runtime.backends.TransportBackendDiscovery"
173-->[com.google.android.datatransport:transport-backend-cct:2.3.2] AndroidManifest.xml:30:13-103
174            android:exported="false" >
174-->[com.google.android.datatransport:transport-backend-cct:2.3.2] AndroidManifest.xml:31:13-37
175            <meta-data
175-->[com.google.android.datatransport:transport-backend-cct:2.3.2] AndroidManifest.xml:32:13-34:39
176                android:name="backend:com.google.android.datatransport.cct.CctBackendFactory"
176-->[com.google.android.datatransport:transport-backend-cct:2.3.2] AndroidManifest.xml:33:17-94
177                android:value="cct" />
177-->[com.google.android.datatransport:transport-backend-cct:2.3.2] AndroidManifest.xml:34:17-36
178        </service>
179        <service
179-->[com.google.android.datatransport:transport-runtime:2.2.5] AndroidManifest.xml:26:9-30:19
180            android:name="com.google.android.datatransport.runtime.scheduling.jobscheduling.JobInfoSchedulerService"
180-->[com.google.android.datatransport:transport-runtime:2.2.5] AndroidManifest.xml:27:13-117
181            android:exported="false"
181-->[com.google.android.datatransport:transport-runtime:2.2.5] AndroidManifest.xml:28:13-37
182            android:permission="android.permission.BIND_JOB_SERVICE" >
182-->[com.google.android.datatransport:transport-runtime:2.2.5] AndroidManifest.xml:29:13-69
183        </service>
184
185        <receiver
185-->[com.google.android.datatransport:transport-runtime:2.2.5] AndroidManifest.xml:32:9-34:40
186            android:name="com.google.android.datatransport.runtime.scheduling.jobscheduling.AlarmManagerSchedulerBroadcastReceiver"
186-->[com.google.android.datatransport:transport-runtime:2.2.5] AndroidManifest.xml:33:13-132
187            android:exported="false" />
187-->[com.google.android.datatransport:transport-runtime:2.2.5] AndroidManifest.xml:34:13-37
188
189        <provider
189-->[androidx.lifecycle:lifecycle-process:2.1.0] AndroidManifest.xml:23:9-27:43
190            android:name="androidx.lifecycle.ProcessLifecycleOwnerInitializer"
190-->[androidx.lifecycle:lifecycle-process:2.1.0] AndroidManifest.xml:24:13-79
191            android:authorities="com.google.mlkit.md.lifecycle-process"
191-->[androidx.lifecycle:lifecycle-process:2.1.0] AndroidManifest.xml:25:13-69
192            android:exported="false"
192-->[androidx.lifecycle:lifecycle-process:2.1.0] AndroidManifest.xml:26:13-37
193            android:multiprocess="true" />
193-->[androidx.lifecycle:lifecycle-process:2.1.0] AndroidManifest.xml:27:13-40
194
195        <service
195-->[androidx.room:room-runtime:2.2.5] AndroidManifest.xml:25:9-28:40
196            android:name="androidx.room.MultiInstanceInvalidationService"
196-->[androidx.room:room-runtime:2.2.5] AndroidManifest.xml:26:13-74
197            android:directBootAware="true"
197-->[androidx.room:room-runtime:2.2.5] AndroidManifest.xml:27:13-43
198            android:exported="false" />
198-->[androidx.room:room-runtime:2.2.5] AndroidManifest.xml:28:13-37
199    </application>
200
201</manifest>